<?xml version="1.0" encoding="UTF-8"?>
<testsuites name="jest tests" tests="5" failures="0" errors="0" time="2.783">
  <testsuite name="undefined" errors="0" failures="0" skipped="0" timestamp="2021-04-09T15:38:00" time="0.955" tests="5">
    <testcase classname=" adds 1 + 2 to equal 3" name=" adds 1 + 2 to equal 3" time="0.001">
    </testcase>
    <testcase classname=" multiplies 2 * 3 to equal 6" name=" multiplies 2 * 3 to equal 6" time="0.001">
    </testcase>
    <testcase classname=" subtracts 2 - 1 to equal 1" name=" subtracts 2 - 1 to equal 1" time="0">
    </testcase>
    <testcase classname=" divides 6 / 2 to equal 3" name=" divides 6 / 2 to equal 3" time="0">
    </testcase>
    <testcase classname=" modulo 12 % 5 to equal 2" name=" modulo 12 % 5 to equal 2" time="0">
    </testcase>
  </testsuite>
</testsuites>